#
# There is insufficient memory for the Java Runtime Environment to continue.
# Native memory allocation (malloc) failed to allocate 1048576 bytes. Error detail: AllocateHeap
# Possible reasons:
#   The system is out of physical RAM or swap space
#   This process is running with CompressedOops enabled, and the Java Heap may be blocking the growth of the native heap
# Possible solutions:
#   Reduce memory load on the system
#   Increase physical memory or swap space
#   Check if swap backing store is full
#   Decrease Java heap size (-Xmx/-Xms)
#   Decrease number of Java threads
#   Decrease Java thread stack sizes (-Xss)
#   Set larger code cache with -XX:ReservedCodeCacheSize=
#   JVM is running with Unscaled Compressed Oops mode in which the Java heap is
#     placed in the first 4GB address space. The Java Heap base address is the
#     maximum limit for the native heap growth. Please use -XX:HeapBaseMinAddress
#     to set the Java Heap base and to place the Java Heap above 4GB virtual address.
# This output file may be truncated or incomplete.
#
#  Out of Memory Error (allocation.cpp:44), pid=18240, tid=77116
#
# JRE version: OpenJDK Runtime Environment Temurin-21.0.10+7 (21.0.10+7) (build 21.0.10+7-LTS)
# Java VM: OpenJDK 64-Bit Server VM Temurin-21.0.10+7 (21.0.10+7-LTS, mixed mode, sharing, tiered, compressed oops, compressed class ptrs, parallel gc, windows-amd64)
# No core dump will be written. Minidumps are not enabled by default on client versions of Windows
#

---------------  S U M M A R Y ------------

Command Line: --add-modules=ALL-SYSTEM --add-opens=java.base/java.util=ALL-UNNAMED --add-opens=java.base/java.lang=ALL-UNNAMED --add-opens=java.base/sun.nio.fs=ALL-UNNAMED -Declipse.application=org.eclipse.jdt.ls.core.id1 -Dosgi.bundles.defaultStartLevel=4 -Declipse.product=org.eclipse.jdt.ls.core.product -Djava.import.generatesMetadataFilesAtProjectRoot=false -DDetectVMInstallationsJob.disabled=true -Dfile.encoding=utf8 -XX:+UseParallelGC -XX:GCTimeRatio=4 -XX:AdaptiveSizePolicyWeight=90 -Dsun.zip.disableMemoryMapping=true -Xmx2G -Xms100m -Xlog:disable -javaagent:c:\Users\danie\.vscode\extensions\redhat.java-1.54.0-win32-x64\lombok\lombok-1.18.39-4050.jar -XX:+HeapDumpOnOutOfMemoryError -XX:HeapDumpPath=c:\Users\danie\AppData\Roaming\Code\User\workspaceStorage\75a98edeed0d584bf712e1d1420da7da\redhat.java -Daether.dependencyCollector.impl=bf c:\Users\danie\.vscode\extensions\redhat.java-1.54.0-win32-x64\server\plugins\org.eclipse.equinox.launcher_1.7.100.v20251111-0406.jar -configuration c:\Users\danie\AppData\Roaming\Code\User\globalStorage\redhat.java\1.54.0\config_win -data c:\Users\danie\AppData\Roaming\Code\User\workspaceStorage\75a98edeed0d584bf712e1d1420da7da\redhat.java\jdt_ws --pipe=\\.\pipe\lsp-06c6a334daae1e60ee908f3af042d68b-sock

Host: AMD Ryzen 5 5500U with Radeon Graphics         , 12 cores, 7G,  Windows 11 , 64 bit Build 26100 (10.0.26100.8328)
Time: Sun May 24 10:18:24 2026 Hora est. Pacífico, Sudamérica elapsed time: 223.475475 seconds (0d 0h 3m 43s)

---------------  T H R E A D  ---------------

Current thread (0x0000024b21029e70):  JavaThread "Attach Listener" daemon [_thread_in_vm, id=77116, stack(0x000000e696400000,0x000000e696500000) (1024K)]

Stack: [0x000000e696400000,0x000000e696500000]
Native frames: (J=compiled Java code, j=interpreted, Vv=VM code, C=native code)
V  [jvm.dll+0x6d7a39]
V  [jvm.dll+0x8b4b26]
V  [jvm.dll+0x8b70de]
V  [jvm.dll+0x8b77c3]
V  [jvm.dll+0x284346]
V  [jvm.dll+0xc1277]
V  [jvm.dll+0x6d82e9]
V  [jvm.dll+0x1334a6]
V  [jvm.dll+0x3f857e]
V  [jvm.dll+0x85f59d]
V  [jvm.dll+0x6d626d]
C  [ucrtbase.dll+0x37b0]
C  [KERNEL32.DLL+0x2e957]
C  [ntdll.dll+0x427c]


---------------  P R O C E S S  ---------------

Threads class SMR info:
_java_thread_list=0x0000024b03d22bc0, length=56, elements={
0x0000024b20f7f4a0, 0x0000024b37a2e450, 0x0000024b210247a0, 0x0000024b21027300,
0x0000024b21029e70, 0x0000024b2102c5d0, 0x0000024b2102d160, 0x0000024b2103b150,
0x0000024b79df3400, 0x0000024b79feaa00, 0x0000024b7a112570, 0x0000024b7f63eb40,
0x0000024b7f30d080, 0x0000024b7f4bf640, 0x0000024b00102d00, 0x0000024b0019abb0,
0x0000024b00524480, 0x0000024b7f3760c0, 0x0000024b7f03afc0, 0x0000024b7f03b650,
0x0000024b00ef4850, 0x0000024b00ef4ee0, 0x0000024b00ef20f0, 0x0000024b00ef5c00,
0x0000024b00ef34a0, 0x0000024b00ef2780, 0x0000024b00ef6290, 0x0000024b00ef2e10,
0x0000024b00ef9710, 0x0000024b00ef6920, 0x0000024b00ef89f0, 0x0000024b00ef7cd0,
0x0000024b00ef6fb0, 0x0000024b00ef7640, 0x0000024b00ef8360, 0x0000024b00ef9080,
0x0000024b01c9c310, 0x0000024b01c9a8d0, 0x0000024b01c9d6c0, 0x0000024b01c9af60,
0x0000024b01c9dd50, 0x0000024b01c9bc80, 0x0000024b01c9d030, 0x0000024b01c9c9a0,
0x0000024b02265df0, 0x0000024b02268550, 0x0000024b02269900, 0x0000024b02268be0,
0x0000024b02266b10, 0x0000024b0226a620, 0x0000024b022671a0, 0x0000024b0226acb0,
0x0000024b02267830, 0x0000024b0226b340, 0x0000024b0226cd80, 0x0000024b0226c060
}

Java Threads: ( => current thread )
  0x0000024b20f7f4a0 JavaThread "main"                              [_thread_blocked, id=16900, stack(0x000000e695d00000,0x000000e695e00000) (1024K)]
  0x0000024b37a2e450 JavaThread "Reference Handler"          daemon [_thread_blocked, id=86000, stack(0x000000e696100000,0x000000e696200000) (1024K)]
  0x0000024b210247a0 JavaThread "Finalizer"                  daemon [_thread_blocked, id=66676, stack(0x000000e696200000,0x000000e696300000) (1024K)]
  0x0000024b21027300 JavaThread "Signal Dispatcher"          daemon [_thread_blocked, id=76520, stack(0x000000e696300000,0x000000e696400000) (1024K)]
=>0x0000024b21029e70 JavaThread "Attach Listener"            daemon [_thread_in_vm, id=77116, stack(0x000000e696400000,0x000000e696500000) (1024K)]
  0x0000024b2102c5d0 JavaThread "Service Thread"             daemon [_thread_blocked, id=77412, stack(0x000000e696500000,0x000000e696600000) (1024K)]
  0x0000024b2102d160 JavaThread "Monitor Deflation Thread"   daemon [_thread_blocked, id=83644, stack(0x000000e696600000,0x000000e696700000) (1024K)]
  0x0000024b2103b150 JavaThread "C2 CompilerThread0"         daemon [_thread_blocked, id=85392, stack(0x000000e696700000,0x000000e696800000) (1024K)]
  0x0000024b79df3400 JavaThread "C1 CompilerThread0"         daemon [_thread_blocked, id=87024, stack(0x000000e696800000,0x000000e696900000) (1024K)]
  0x0000024b79feaa00 JavaThread "Common-Cleaner"             daemon [_thread_blocked, id=79732, stack(0x000000e696900000,0x000000e696a00000) (1024K)]
  0x0000024b7a112570 JavaThread "Notification Thread"        daemon [_thread_blocked, id=79120, stack(0x000000e696a00000,0x000000e696b00000) (1024K)]
  0x0000024b7f63eb40 JavaThread "Active Thread: Equinox Container: 5a8c7235-fe3d-4742-b0f9-ecd7c56ddcbf"        [_thread_blocked, id=83572, stack(0x000000e697100000,0x000000e697200000) (1024K)]
  0x0000024b7f30d080 JavaThread "Refresh Thread: Equinox Container: 5a8c7235-fe3d-4742-b0f9-ecd7c56ddcbf" daemon [_thread_blocked, id=67088, stack(0x000000e697400000,0x000000e697500000) (1024K)]
  0x0000024b7f4bf640 JavaThread "Framework Event Dispatcher: Equinox Container: 5a8c7235-fe3d-4742-b0f9-ecd7c56ddcbf" daemon [_thread_blocked, id=63972, stack(0x000000e697500000,0x000000e697600000) (1024K)]
  0x0000024b00102d00 JavaThread "Start Level: Equinox Container: 5a8c7235-fe3d-4742-b0f9-ecd7c56ddcbf" daemon [_thread_blocked, id=63496, stack(0x000000e697600000,0x000000e697700000) (1024K)]
  0x0000024b0019abb0 JavaThread "Bundle File Closer"         daemon [_thread_blocked, id=86648, stack(0x000000e697a00000,0x000000e697b00000) (1024K)]
  0x0000024b00524480 JavaThread "SCR Component Actor"        daemon [_thread_blocked, id=76608, stack(0x000000e697200000,0x000000e697300000) (1024K)]
  0x0000024b7f3760c0 JavaThread "Worker-JM"                         [_thread_blocked, id=86512, stack(0x000000e697b00000,0x000000e697c00000) (1024K)]
  0x0000024b7f03afc0 JavaThread "JNA Cleaner"                daemon [_thread_blocked, id=73264, stack(0x000000e697700000,0x000000e697800000) (1024K)]
  0x0000024b7f03b650 JavaThread "Worker-0"                          [_thread_blocked, id=85264, stack(0x000000e697c00000,0x000000e697d00000) (1024K)]
  0x0000024b00ef4850 JavaThread "Java indexing"              daemon [_thread_blocked, id=80992, stack(0x000000e697f00000,0x000000e698000000) (1024K)]
  0x0000024b00ef4ee0 JavaThread "Worker-4"                          [_thread_blocked, id=67384, stack(0x000000e698400000,0x000000e698500000) (1024K)]
  0x0000024b00ef20f0 JavaThread "Thread-1"                   daemon [_thread_in_native, id=8300, stack(0x000000e698500000,0x000000e698600000) (1024K)]
  0x0000024b00ef5c00 JavaThread "Thread-2"                   daemon [_thread_in_native, id=11616, stack(0x000000e698600000,0x000000e698700000) (1024K)]
  0x0000024b00ef34a0 JavaThread "Thread-3"                   daemon [_thread_in_native, id=85256, stack(0x000000e698700000,0x000000e698800000) (1024K)]
  0x0000024b00ef2780 JavaThread "Thread-4"                   daemon [_thread_in_native, id=83944, stack(0x000000e698800000,0x000000e698900000) (1024K)]
  0x0000024b00ef6290 JavaThread "Thread-5"                   daemon [_thread_in_native, id=58224, stack(0x000000e698900000,0x000000e698a00000) (1024K)]
  0x0000024b00ef2e10 JavaThread "Thread-6"                   daemon [_thread_in_native, id=64844, stack(0x000000e698a00000,0x000000e698b00000) (1024K)]
  0x0000024b00ef9710 JavaThread "Thread-7"                   daemon [_thread_in_native, id=71648, stack(0x000000e698b00000,0x000000e698c00000) (1024K)]
  0x0000024b00ef6920 JavaThread "Thread-8"                   daemon [_thread_in_native, id=64724, stack(0x000000e698c00000,0x000000e698d00000) (1024K)]
  0x0000024b00ef89f0 JavaThread "Thread-9"                   daemon [_thread_in_native, id=76144, stack(0x000000e698d00000,0x000000e698e00000) (1024K)]
  0x0000024b00ef7cd0 JavaThread "Thread-10"                  daemon [_thread_in_native, id=75188, stack(0x000000e698e00000,0x000000e698f00000) (1024K)]
  0x0000024b00ef6fb0 JavaThread "Thread-11"                  daemon [_thread_in_native, id=75288, stack(0x000000e698f00000,0x000000e699000000) (1024K)]
  0x0000024b00ef7640 JavaThread "Thread-12"                  daemon [_thread_in_native, id=80972, stack(0x000000e699000000,0x000000e699100000) (1024K)]
  0x0000024b00ef8360 JavaThread "Thread-13"                  daemon [_thread_in_native, id=85096, stack(0x000000e699100000,0x000000e699200000) (1024K)]
  0x0000024b00ef9080 JavaThread "pool-2-thread-1"                   [_thread_blocked, id=85788, stack(0x000000e699200000,0x000000e699300000) (1024K)]
  0x0000024b01c9c310 JavaThread "WorkspaceEventsHandler"            [_thread_blocked, id=80416, stack(0x000000e699300000,0x000000e699400000) (1024K)]
  0x0000024b01c9a8d0 JavaThread "pool-1-thread-1"                   [_thread_blocked, id=66388, stack(0x000000e699400000,0x000000e699500000) (1024K)]
  0x0000024b01c9d6c0 JavaThread "ForkJoinPool.commonPool-worker-1" daemon [_thread_blocked, id=81056, stack(0x000000e699500000,0x000000e699600000) (1024K)]
  0x0000024b01c9af60 JavaThread "ForkJoinPool.commonPool-worker-2" daemon [_thread_blocked, id=39008, stack(0x000000e699600000,0x000000e699700000) (1024K)]
  0x0000024b01c9dd50 JavaThread "ForkJoinPool.commonPool-worker-3" daemon [_thread_blocked, id=75944, stack(0x000000e699700000,0x000000e699800000) (1024K)]
  0x0000024b01c9bc80 JavaThread "ForkJoinPool.commonPool-worker-5" daemon [_thread_blocked, id=68016, stack(0x000000e699900000,0x000000e699a00000) (1024K)]
  0x0000024b01c9d030 JavaThread "ForkJoinPool.commonPool-worker-6" daemon [_thread_blocked, id=24048, stack(0x000000e699a00000,0x000000e699b00000) (1024K)]
  0x0000024b01c9c9a0 JavaThread "ForkJoinPool.commonPool-worker-7" daemon [_thread_blocked, id=81436, stack(0x000000e699b00000,0x000000e699c00000) (1024K)]
  0x0000024b02265df0 JavaThread "ForkJoinPool.commonPool-worker-9" daemon [_thread_blocked, id=67832, stack(0x000000e699c00000,0x000000e699d00000) (1024K)]
  0x0000024b02268550 JavaThread "ForkJoinPool.commonPool-worker-10" daemon [_thread_blocked, id=14260, stack(0x000000e699d00000,0x000000e699e00000) (1024K)]
  0x0000024b02269900 JavaThread "ForkJoinPool.commonPool-worker-8" daemon [_thread_blocked, id=77224, stack(0x000000e699e00000,0x000000e699f00000) (1024K)]
  0x0000024b02268be0 JavaThread "ForkJoinPool.commonPool-worker-11" daemon [_thread_blocked, id=56348, stack(0x000000e699f00000,0x000000e69a000000) (1024K)]
  0x0000024b02266b10 JavaThread "Cleaner-0"                  daemon [_thread_blocked, id=57528, stack(0x000000e69a100000,0x000000e69a200000) (1024K)]
  0x0000024b0226a620 JavaThread "Worker-5"                          [_thread_blocked, id=69872, stack(0x000000e695b00000,0x000000e695c00000) (1024K)]
  0x0000024b022671a0 JavaThread "Compiler Source File Reader" daemon [_thread_blocked, id=81868, stack(0x000000e695c00000,0x000000e695d00000) (1024K)]
  0x0000024b0226acb0 JavaThread "Compiler Processing Task"   daemon [_thread_blocked, id=86564, stack(0x000000e695a00000,0x000000e695b00000) (1024K)]
  0x0000024b02267830 JavaThread "Compiler Source File Reader" daemon [_thread_blocked, id=81668, stack(0x000000e697e00000,0x000000e697f00000) (1024K)]
  0x0000024b0226b340 JavaThread "Worker-6"                          [_thread_blocked, id=65704, stack(0x000000e698000000,0x000000e698100000) (1024K)]
  0x0000024b0226cd80 JavaThread "Compiler Source File Reader" daemon [_thread_blocked, id=20892, stack(0x000000e698200000,0x000000e698300000) (1024K)]
  0x0000024b0226c060 JavaThread "Compiler Source File Reader" daemon [_thread_blocked, id=86632, stack(0x000000e698100000,0x000000e698200000) (1024K)]
Total: 56

Other Threads:
  0x0000024b210218b0 VMThread "VM Thread"                           [id=85776, stack(0x000000e696000000,0x000000e696100000) (1024K)]
  0x0000024b3790ca00 WatcherThread "VM Periodic Task Thread"        [id=86324, stack(0x000000e695f00000,0x000000e696000000) (1024K)]
  0x0000024b20f9da80 WorkerThread "GC Thread#0"                     [id=81844, stack(0x000000e695e00000,0x000000e695f00000) (1024K)]
  0x0000024b7f2544a0 WorkerThread "GC Thread#1"                     [id=82316, stack(0x000000e696b00000,0x000000e696c00000) (1024K)]
  0x0000024b7f2649d0 WorkerThread "GC Thread#2"                     [id=84248, stack(0x000000e696c00000,0x000000e696d00000) (1024K)]
  0x0000024b7f3f31c0 WorkerThread "GC Thread#3"                     [id=71536, stack(0x000000e696d00000,0x000000e696e00000) (1024K)]
  0x0000024b7f3f40e0 WorkerThread "GC Thread#4"                     [id=73164, stack(0x000000e696e00000,0x000000e696f00000) (1024K)]
  0x0000024b7f3f4490 WorkerThread "GC Thread#5"                     [id=17064, stack(0x000000e696f00000,0x000000e697000000) (1024K)]
  0x0000024b7f3f4840 WorkerThread "GC Thread#6"                     [id=83332, stack(0x000000e697000000,0x000000e697100000) (1024K)]
  0x0000024b7f30ba80 WorkerThread "GC Thread#7"                     [id=86156, stack(0x000000e697300000,0x000000e697400000) (1024K)]
  0x0000024b7f30a460 WorkerThread "GC Thread#8"                     [id=75276, stack(0x000000e697800000,0x000000e697900000) (1024K)]
  0x0000024b7f30a0b0 WorkerThread "GC Thread#9"                     [id=82416, stack(0x000000e697900000,0x000000e697a00000) (1024K)]
Total: 12

Threads with active compile tasks:
Total: 0

VM state: not at safepoint (normal execution)

VM Mutex/Monitor currently owned by a thread: None

Heap address: 0x0000000080000000, size: 2048 MB, Compressed Oops mode: 32-bit

CDS archive(s) mapped at: [0x0000024b38000000-0x0000024b38ba0000-0x0000024b38ba0000), size 12189696, SharedBaseAddress: 0x0000024b38000000, ArchiveRelocationMode: 1.
Compressed class space mapped at: 0x0000024b39000000-0x0000024b79000000, reserved size: 1073741824
Narrow klass base: 0x0000024b38000000, Narrow klass shift: 0, Narrow klass range: 0x100000000

GC Precious Log:
 CardTable entry size: 512
 CPUs: 12 total, 12 available
 Memory: 7501M
 Large Page Support: Disabled
 NUMA Support: Disabled
 Compressed Oops: Enabled (32-bit)
 Alignments: Space 512K, Generation 512K, Heap 2M
 Heap Min Capacity: 100M
 Heap Initial Capacity: 100M
 Heap Max Capacity: 2G
 Pre-touch: Disabled
 Parallel Workers: 10

Heap:
 PSYoungGen      total 6656K, used 3766K [0x00000000d5580000, 0x00000000d6280000, 0x0000000100000000)
  eden space 6144K, 53% used [0x00000000d5580000,0x00000000d58b1a28,0x00000000d5b80000)
  from space 512K, 96% used [0x00000000d6200000,0x00000000d627c010,0x00000000d6280000)
  to   space 1536K, 0% used [0x00000000d5f80000,0x00000000d5f80000,0x00000000d6100000)
 ParOldGen       total 308736K, used 308686K [0x0000000080000000, 0x0000000092d80000, 0x00000000d5580000)
  object space 308736K, 99% used [0x0000000080000000,0x0000000092d739f8,0x0000000092d80000)
 Metaspace       used 72906K, committed 74560K, reserved 1179648K
  class space    used 7613K, committed 8384K, reserved 1048576K

Card table byte_map: [0x0000024b20920000,0x0000024b20d30000] _byte_map_base: 0x0000024b20520000

Marking Bits: (ParMarkBitMap*) 0x00007ffb8a223450
 Begin Bits: [0x0000024b33430000, 0x0000024b35430000)
 End Bits:   [0x0000024b35430000, 0x0000024b37430000)

Polling page: 0x0000024b1ee20000

Metaspace:

Usage:
  Non-class:     63.76 MB used.
      Class:      7.44 MB used.
       Both:     71.20 MB used.

Virtual space:
  Non-class space:      128.00 MB reserved,      64.62 MB ( 50%) committed,  2 nodes.
      Class space:        1.00 GB reserved,       8.19 MB ( <1%) committed,  1 nodes.
             Both:        1.12 GB reserved,      72.81 MB (  6%) committed. 

Chunk freelists:
   Non-Class:  15.16 MB
       Class:  7.69 MB
        Both:  22.85 MB

MaxMetaspaceSize: unlimited
CompressedClassSpaceSize: 1.00 GB
Initial GC threshold: 21.00 MB
Current GC threshold: 97.31 MB
CDS: on
 - commit_granule_bytes: 65536.
 - commit_granule_words: 8192.
 - virtual_space_node_default_size: 8388608.
 - enlarge_chunks_in_place: 1.
 - use_allocation_guard: 0.


Internal statistics:

num_allocs_failed_limit: 11.
num_arena_births: 1464.
num_arena_deaths: 14.
num_vsnodes_births: 3.
num_vsnodes_deaths: 0.
num_space_committed: 1165.
num_space_uncommitted: 0.
num_chunks_returned_to_freelist: 25.
num_chunks_taken_from_freelist: 5039.
num_chunk_merges: 13.
num_chunk_splits: 3077.
num_chunks_enlarged: 1715.
num_inconsistent_stats: 0.

CodeHeap 'non-profiled nmethods': size=120000Kb used=9356Kb max_used=9356Kb free=110643Kb
 bounds [0x0000024b2bc50000, 0x0000024b2c580000, 0x0000024b33180000]
CodeHeap 'profiled nmethods': size=120000Kb used=31670Kb max_used=31670Kb free=88329Kb
 bounds [0x0000024b24180000, 0x0000024b26070000, 0x0000024b2b6b0000]
CodeHeap 'non-nmethods': size=5760Kb used=1469Kb max_used=1558Kb free=4290Kb
 bounds [0x0000024b2b6b0000, 0x0000024b2b920000, 0x0000024b2bc50000]
CodeCache: size=245760Kb, used=42495Kb, max_used=42584Kb, free=203262Kb
 total_blobs=14769, nmethods=13979, adapters=692, full_count=0
Compilation: enabled, stopped_count=0, restarted_count=0

Compilation events (20 events):
Event: 214.569 Thread 0x0000024b2103b150 14743       4       java.lang.invoke.DirectMethodHandle$Holder::newInvokeSpecial (28 bytes)
Event: 214.573 Thread 0x0000024b2103b150 nmethod 14743 0x0000024b2c570b90 code [0x0000024b2c570d40, 0x0000024b2c570fa0]
Event: 214.578 Thread 0x0000024b79df3400 14744       3       org.eclipse.jdt.ls.core.internal.handlers.JsonRpcHelpers::toDocument (52 bytes)
Event: 214.578 Thread 0x0000024b79df3400 nmethod 14744 0x0000024b26069890 code [0x0000024b26069aa0, 0x0000024b2606a2f8]
Event: 214.580 Thread 0x0000024b79df3400 14745       3       org.eclipse.jface.text.TreeLineTracker::getLineOffset (6 bytes)
Event: 214.580 Thread 0x0000024b79df3400 nmethod 14745 0x0000024b2606a490 code [0x0000024b2606a640, 0x0000024b2606a778]
Event: 214.583 Thread 0x0000024b79df3400 14746       3       org.eclipse.core.internal.resources.Resource::getLocationURI (30 bytes)
Event: 214.584 Thread 0x0000024b2103b150 14747       4       java.io.WinNTFileSystem::prefixLength (91 bytes)
Event: 214.584 Thread 0x0000024b79df3400 nmethod 14746 0x0000024b2606a810 code [0x0000024b2606aa60, 0x0000024b2606b4f8]
Event: 214.584 Thread 0x0000024b79df3400 14748       3       org.eclipse.jdt.internal.core.Member::getNameRange (31 bytes)
Event: 214.585 Thread 0x0000024b79df3400 nmethod 14748 0x0000024b2606b890 code [0x0000024b2606baa0, 0x0000024b2606c0f0]
Event: 214.585 Thread 0x0000024b79df3400 14749       3       org.eclipse.jdt.ls.core.internal.JDTUtils::setPosition (35 bytes)
Event: 214.586 Thread 0x0000024b79df3400 nmethod 14749 0x0000024b2606c290 code [0x0000024b2606c440, 0x0000024b2606c5e8]
Event: 214.586 Thread 0x0000024b79df3400 14750   !   3       org.eclipse.core.internal.filebuffers.SynchronizableDocument::getLineOffset (30 bytes)
Event: 214.587 Thread 0x0000024b79df3400 nmethod 14750 0x0000024b2606c710 code [0x0000024b2606c9a0, 0x0000024b2606d5d0]
Event: 214.589 Thread 0x0000024b2103b150 nmethod 14747 0x0000024b2c571190 code [0x0000024b2c571360, 0x0000024b2c5716c8]
Event: 214.589 Thread 0x0000024b2103b150 14752       4       jdk.internal.misc.Unsafe::checkSize (32 bytes)
Event: 214.590 Thread 0x0000024b2103b150 nmethod 14752 0x0000024b2c571a90 code [0x0000024b2c571c20, 0x0000024b2c571cd8]
Event: 214.590 Thread 0x0000024b2103b150 14751       4       com.google.gson.stream.JsonWriter::beforeName (49 bytes)
Event: 214.606 Thread 0x0000024b2103b150 nmethod 14751 0x0000024b2c571d90 code [0x0000024b2c571fa0, 0x0000024b2c572a60]

GC Heap History (20 events):
Event: 205.553 GC heap before
{Heap before GC invocations=146 (full 3):
 PSYoungGen      total 13824K, used 13822K [0x00000000d5580000, 0x00000000d7d80000, 0x0000000100000000)
  eden space 6144K, 100% used [0x00000000d5580000,0x00000000d5b80000,0x00000000d5b80000)
  from space 7680K, 99% used [0x00000000d6a00000,0x00000000d717f840,0x00000000d7180000)
  to   space 14848K, 0% used [0x00000000d5b80000,0x00000000d5b80000,0x00000000d6a00000)
 ParOldGen       total 291840K, used 291727K [0x0000000080000000, 0x0000000091d00000, 0x00000000d5580000)
  object space 291840K, 99% used [0x0000000080000000,0x0000000091ce3da0,0x0000000091d00000)
 Metaspace       used 72727K, committed 74432K, reserved 1179648K
  class space    used 7610K, committed 8384K, reserved 1048576K
}
Event: 205.573 GC heap after
{Heap after GC invocations=146 (full 3):
 PSYoungGen      total 10240K, used 3680K [0x00000000d5580000, 0x00000000d6a80000, 0x0000000100000000)
  eden space 6144K, 0% used [0x00000000d5580000,0x00000000d5580000,0x00000000d5b80000)
  from space 4096K, 89% used [0x00000000d5b80000,0x00000000d5f18000,0x00000000d5f80000)
  to   space 7680K, 0% used [0x00000000d6300000,0x00000000d6300000,0x00000000d6a80000)
 ParOldGen       total 300544K, used 300250K [0x0000000080000000, 0x0000000092580000, 0x00000000d5580000)
  object space 300544K, 99% used [0x0000000080000000,0x00000000925368b8,0x0000000092580000)
 Metaspace       used 72727K, committed 74432K, reserved 1179648K
  class space    used 7610K, committed 8384K, reserved 1048576K
}
Event: 205.745 GC heap before
{Heap before GC invocations=147 (full 3):
 PSYoungGen      total 10240K, used 9824K [0x00000000d5580000, 0x00000000d6a80000, 0x0000000100000000)
  eden space 6144K, 100% used [0x00000000d5580000,0x00000000d5b80000,0x00000000d5b80000)
  from space 4096K, 89% used [0x00000000d5b80000,0x00000000d5f18000,0x00000000d5f80000)
  to   space 7680K, 0% used [0x00000000d6300000,0x00000000d6300000,0x00000000d6a80000)
 ParOldGen       total 300544K, used 300250K [0x0000000080000000, 0x0000000092580000, 0x00000000d5580000)
  object space 300544K, 99% used [0x0000000080000000,0x00000000925368b8,0x0000000092580000)
 Metaspace       used 72747K, committed 74432K, reserved 1179648K
  class space    used 7610K, committed 8384K, reserved 1048576K
}
Event: 205.756 GC heap after
{Heap after GC invocations=147 (full 3):
 PSYoungGen      total 7168K, used 841K [0x00000000d5580000, 0x00000000d6400000, 0x0000000100000000)
  eden space 6144K, 0% used [0x00000000d5580000,0x00000000d5580000,0x00000000d5b80000)
  from space 1024K, 82% used [0x00000000d6300000,0x00000000d63d2400,0x00000000d6400000)
  to   space 2560K, 0% used [0x00000000d5f00000,0x00000000d5f00000,0x00000000d6180000)
 ParOldGen       total 304128K, used 303874K [0x0000000080000000, 0x0000000092900000, 0x00000000d5580000)
  object space 304128K, 99% used [0x0000000080000000,0x00000000928c08b8,0x0000000092900000)
 Metaspace       used 72747K, committed 74432K, reserved 1179648K
  class space    used 7610K, committed 8384K, reserved 1048576K
}
Event: 205.786 GC heap before
{Heap before GC invocations=148 (full 3):
 PSYoungGen      total 7168K, used 6985K [0x00000000d5580000, 0x00000000d6400000, 0x0000000100000000)
  eden space 6144K, 100% used [0x00000000d5580000,0x00000000d5b80000,0x00000000d5b80000)
  from space 1024K, 82% used [0x00000000d6300000,0x00000000d63d2400,0x00000000d6400000)
  to   space 2560K, 0% used [0x00000000d5f00000,0x00000000d5f00000,0x00000000d6180000)
 ParOldGen       total 304128K, used 303874K [0x0000000080000000, 0x0000000092900000, 0x00000000d5580000)
  object space 304128K, 99% used [0x0000000080000000,0x00000000928c08b8,0x0000000092900000)
 Metaspace       used 72748K, committed 74432K, reserved 1179648K
  class space    used 7610K, committed 8384K, reserved 1048576K
}
Event: 205.789 GC heap after
{Heap after GC invocations=148 (full 3):
 PSYoungGen      total 8704K, used 512K [0x00000000d5580000, 0x00000000d6380000, 0x0000000100000000)
  eden space 6144K, 0% used [0x00000000d5580000,0x00000000d5580000,0x00000000d5b80000)
  from space 2560K, 20% used [0x00000000d5f00000,0x00000000d5f80000,0x00000000d6180000)
  to   space 1024K, 0% used [0x00000000d6280000,0x00000000d6280000,0x00000000d6380000)
 ParOldGen       total 304640K, used 304589K [0x0000000080000000, 0x0000000092980000, 0x00000000d5580000)
  object space 304640K, 99% used [0x0000000080000000,0x0000000092973438,0x0000000092980000)
 Metaspace       used 72748K, committed 74432K, reserved 1179648K
  class space    used 7610K, committed 8384K, reserved 1048576K
}
Event: 205.828 GC heap before
{Heap before GC invocations=149 (full 3):
 PSYoungGen      total 8704K, used 6656K [0x00000000d5580000, 0x00000000d6380000, 0x0000000100000000)
  eden space 6144K, 100% used [0x00000000d5580000,0x00000000d5b80000,0x00000000d5b80000)
  from space 2560K, 20% used [0x00000000d5f00000,0x00000000d5f80000,0x00000000d6180000)
  to   space 1024K, 0% used [0x00000000d6280000,0x00000000d6280000,0x00000000d6380000)
 ParOldGen       total 304640K, used 304589K [0x0000000080000000, 0x0000000092980000, 0x00000000d5580000)
  object space 304640K, 99% used [0x0000000080000000,0x0000000092973438,0x0000000092980000)
 Metaspace       used 72772K, committed 74432K, reserved 1179648K
  class space    used 7610K, committed 8384K, reserved 1048576K
}
Event: 205.831 GC heap after
{Heap after GC invocations=149 (full 3):
 PSYoungGen      total 7168K, used 688K [0x00000000d5580000, 0x00000000d6380000, 0x0000000100000000)
  eden space 6144K, 0% used [0x00000000d5580000,0x00000000d5580000,0x00000000d5b80000)
  from space 1024K, 67% used [0x00000000d6280000,0x00000000d632c010,0x00000000d6380000)
  to   space 1024K, 0% used [0x00000000d6180000,0x00000000d6180000,0x00000000d6280000)
 ParOldGen       total 305152K, used 304937K [0x0000000080000000, 0x0000000092a00000, 0x00000000d5580000)
  object space 305152K, 99% used [0x0000000080000000,0x00000000929ca448,0x0000000092a00000)
 Metaspace       used 72772K, committed 74432K, reserved 1179648K
  class space    used 7610K, committed 8384K, reserved 1048576K
}
Event: 207.903 GC heap before
{Heap before GC invocations=150 (full 3):
 PSYoungGen      total 7168K, used 6832K [0x00000000d5580000, 0x00000000d6380000, 0x0000000100000000)
  eden space 6144K, 100% used [0x00000000d5580000,0x00000000d5b80000,0x00000000d5b80000)
  from space 1024K, 67% used [0x00000000d6280000,0x00000000d632c010,0x00000000d6380000)
  to   space 1024K, 0% used [0x00000000d6180000,0x00000000d6180000,0x00000000d6280000)
 ParOldGen       total 305152K, used 304937K [0x0000000080000000, 0x0000000092a00000, 0x00000000d5580000)
  object space 305152K, 99% used [0x0000000080000000,0x00000000929ca448,0x0000000092a00000)
 Metaspace       used 72827K, committed 74496K, reserved 1179648K
  class space    used 7610K, committed 8384K, reserved 1048576K
}
Event: 207.908 GC heap after
{Heap after GC invocations=150 (full 3):
 PSYoungGen      total 7168K, used 953K [0x00000000d5580000, 0x00000000d6300000, 0x0000000100000000)
  eden space 6144K, 0% used [0x00000000d5580000,0x00000000d5580000,0x00000000d5b80000)
  from space 1024K, 93% used [0x00000000d6180000,0x00000000d626e410,0x00000000d6280000)
  to   space 512K, 0% used [0x00000000d6280000,0x00000000d6280000,0x00000000d6300000)
 ParOldGen       total 305664K, used 305545K [0x0000000080000000, 0x0000000092a80000, 0x00000000d5580000)
  object space 305664K, 99% used [0x0000000080000000,0x0000000092a624a8,0x0000000092a80000)
 Metaspace       used 72827K, committed 74496K, reserved 1179648K
  class space    used 7610K, committed 8384K, reserved 1048576K
}
Event: 207.955 GC heap before
{Heap before GC invocations=151 (full 3):
 PSYoungGen      total 7168K, used 7097K [0x00000000d5580000, 0x00000000d6300000, 0x0000000100000000)
  eden space 6144K, 100% used [0x00000000d5580000,0x00000000d5b80000,0x00000000d5b80000)
  from space 1024K, 93% used [0x00000000d6180000,0x00000000d626e410,0x00000000d6280000)
  to   space 512K, 0% used [0x00000000d6280000,0x00000000d6280000,0x00000000d6300000)
 ParOldGen       total 305664K, used 305545K [0x0000000080000000, 0x0000000092a80000, 0x00000000d5580000)
  object space 305664K, 99% used [0x0000000080000000,0x0000000092a624a8,0x0000000092a80000)
 Metaspace       used 72833K, committed 74496K, reserved 1179648K
  class space    used 7610K, committed 8384K, reserved 1048576K
}
Event: 207.960 GC heap after
{Heap after GC invocations=151 (full 3):
 PSYoungGen      total 6656K, used 480K [0x00000000d5580000, 0x00000000d6300000, 0x0000000100000000)
  eden space 6144K, 0% used [0x00000000d5580000,0x00000000d5580000,0x00000000d5b80000)
  from space 512K, 93% used [0x00000000d6280000,0x00000000d62f8000,0x00000000d6300000)
  to   space 1024K, 0% used [0x00000000d6100000,0x00000000d6100000,0x00000000d6200000)
 ParOldGen       total 306688K, used 306388K [0x0000000080000000, 0x0000000092b80000, 0x00000000d5580000)
  object space 306688K, 99% used [0x0000000080000000,0x0000000092b353b8,0x0000000092b80000)
 Metaspace       used 72833K, committed 74496K, reserved 1179648K
  class space    used 7610K, committed 8384K, reserved 1048576K
}
Event: 208.004 GC heap before
{Heap before GC invocations=152 (full 3):
 PSYoungGen      total 6656K, used 6624K [0x00000000d5580000, 0x00000000d6300000, 0x0000000100000000)
  eden space 6144K, 100% used [0x00000000d5580000,0x00000000d5b80000,0x00000000d5b80000)
  from space 512K, 93% used [0x00000000d6280000,0x00000000d62f8000,0x00000000d6300000)
  to   space 1024K, 0% used [0x00000000d6100000,0x00000000d6100000,0x00000000d6200000)
 ParOldGen       total 306688K, used 306388K [0x0000000080000000, 0x0000000092b80000, 0x00000000d5580000)
  object space 306688K, 99% used [0x0000000080000000,0x0000000092b353b8,0x0000000092b80000)
 Metaspace       used 72846K, committed 74496K, reserved 1179648K
  class space    used 7610K, committed 8384K, reserved 1048576K
}
Event: 208.008 GC heap after
{Heap after GC invocations=152 (full 3):
 PSYoungGen      total 7168K, used 640K [0x00000000d5580000, 0x00000000d6300000, 0x0000000100000000)
  eden space 6144K, 0% used [0x00000000d5580000,0x00000000d5580000,0x00000000d5b80000)
  from space 1024K, 62% used [0x00000000d6100000,0x00000000d61a0020,0x00000000d6200000)
  to   space 1024K, 0% used [0x00000000d6200000,0x00000000d6200000,0x00000000d6300000)
 ParOldGen       total 307200K, used 306800K [0x0000000080000000, 0x0000000092c00000, 0x00000000d5580000)
  object space 307200K, 99% used [0x0000000080000000,0x0000000092b9c3c8,0x0000000092c00000)
 Metaspace       used 72846K, committed 74496K, reserved 1179648K
  class space    used 7610K, committed 8384K, reserved 1048576K
}
Event: 208.072 GC heap before
{Heap before GC invocations=153 (full 3):
 PSYoungGen      total 7168K, used 6784K [0x00000000d5580000, 0x00000000d6300000, 0x0000000100000000)
  eden space 6144K, 100% used [0x00000000d5580000,0x00000000d5b80000,0x00000000d5b80000)
  from space 1024K, 62% used [0x00000000d6100000,0x00000000d61a0020,0x00000000d6200000)
  to   space 1024K, 0% used [0x00000000d6200000,0x00000000d6200000,0x00000000d6300000)
 ParOldGen       total 307200K, used 306800K [0x0000000080000000, 0x0000000092c00000, 0x00000000d5580000)
  object space 307200K, 99% used [0x0000000080000000,0x0000000092b9c3c8,0x0000000092c00000)
 Metaspace       used 72853K, committed 74496K, reserved 1179648K
  class space    used 7611K, committed 8384K, reserved 1048576K
}
Event: 208.079 GC heap after
{Heap after GC invocations=153 (full 3):
 PSYoungGen      total 7168K, used 937K [0x00000000d5580000, 0x00000000d6300000, 0x0000000100000000)
  eden space 6144K, 0% used [0x00000000d5580000,0x00000000d5580000,0x00000000d5b80000)
  from space 1024K, 91% used [0x00000000d6200000,0x00000000d62ea400,0x00000000d6300000)
  to   space 1024K, 0% used [0x00000000d6100000,0x00000000d6100000,0x00000000d6200000)
 ParOldGen       total 307712K, used 307353K [0x0000000080000000, 0x0000000092c80000, 0x00000000d5580000)
  object space 307712K, 99% used [0x0000000080000000,0x0000000092c26428,0x0000000092c80000)
 Metaspace       used 72853K, committed 74496K, reserved 1179648K
  class space    used 7611K, committed 8384K, reserved 1048576K
}
Event: 208.119 GC heap before
{Heap before GC invocations=154 (full 3):
 PSYoungGen      total 7168K, used 7081K [0x00000000d5580000, 0x00000000d6300000, 0x0000000100000000)
  eden space 6144K, 100% used [0x00000000d5580000,0x00000000d5b80000,0x00000000d5b80000)
  from space 1024K, 91% used [0x00000000d6200000,0x00000000d62ea400,0x00000000d6300000)
  to   space 1024K, 0% used [0x00000000d6100000,0x00000000d6100000,0x00000000d6200000)
 ParOldGen       total 307712K, used 307353K [0x0000000080000000, 0x0000000092c80000, 0x00000000d5580000)
  object space 307712K, 99% used [0x0000000080000000,0x0000000092c26428,0x0000000092c80000)
 Metaspace       used 72873K, committed 74560K, reserved 1179648K
  class space    used 7613K, committed 8384K, reserved 1048576K
}
Event: 208.123 GC heap after
{Heap after GC invocations=154 (full 3):
 PSYoungGen      total 7168K, used 608K [0x00000000d5580000, 0x00000000d6280000, 0x0000000100000000)
  eden space 6144K, 0% used [0x00000000d5580000,0x00000000d5580000,0x00000000d5b80000)
  from space 1024K, 59% used [0x00000000d6100000,0x00000000d6198000,0x00000000d6200000)
  to   space 512K, 0% used [0x00000000d6200000,0x00000000d6200000,0x00000000d6280000)
 ParOldGen       total 308224K, used 308162K [0x0000000080000000, 0x0000000092d00000, 0x00000000d5580000)
  object space 308224K, 99% used [0x0000000080000000,0x0000000092cf09b8,0x0000000092d00000)
 Metaspace       used 72873K, committed 74560K, reserved 1179648K
  class space    used 7613K, committed 8384K, reserved 1048576K
}
Event: 208.153 GC heap before
{Heap before GC invocations=155 (full 3):
 PSYoungGen      total 7168K, used 6752K [0x00000000d5580000, 0x00000000d6280000, 0x0000000100000000)
  eden space 6144K, 100% used [0x00000000d5580000,0x00000000d5b80000,0x00000000d5b80000)
  from space 1024K, 59% used [0x00000000d6100000,0x00000000d6198000,0x00000000d6200000)
  to   space 512K, 0% used [0x00000000d6200000,0x00000000d6200000,0x00000000d6280000)
 ParOldGen       total 308224K, used 308162K [0x0000000080000000, 0x0000000092d00000, 0x00000000d5580000)
  object space 308224K, 99% used [0x0000000080000000,0x0000000092cf09b8,0x0000000092d00000)
 Metaspace       used 72880K, committed 74560K, reserved 1179648K
  class space    used 7613K, committed 8384K, reserved 1048576K
}
Event: 208.155 GC heap after
{Heap after GC invocations=155 (full 3):
 PSYoungGen      total 6656K, used 496K [0x00000000d5580000, 0x00000000d6280000, 0x0000000100000000)
  eden space 6144K, 0% used [0x00000000d5580000,0x00000000d5580000,0x00000000d5b80000)
  from space 512K, 96% used [0x00000000d6200000,0x00000000d627c010,0x00000000d6280000)
  to   space 1536K, 0% used [0x00000000d5f80000,0x00000000d5f80000,0x00000000d6100000)
 ParOldGen       total 308736K, used 308686K [0x0000000080000000, 0x0000000092d80000, 0x00000000d5580000)
  object space 308736K, 99% used [0x0000000080000000,0x0000000092d739f8,0x0000000092d80000)
 Metaspace       used 72880K, committed 74560K, reserved 1179648K
  class space    used 7613K, committed 8384K, reserved 1048576K
}

Dll operation events (10 events):
Event: 0.020 Loaded shared library c:\Users\danie\.vscode\extensions\redhat.java-1.54.0-win32-x64\jre\21.0.10-win32-x86_64\bin\java.dll
Event: 0.132 Loaded shared library c:\Users\danie\.vscode\extensions\redhat.java-1.54.0-win32-x64\jre\21.0.10-win32-x86_64\bin\zip.dll
Event: 0.167 Loaded shared library C:\Users\danie\.vscode\extensions\redhat.java-1.54.0-win32-x64\jre\21.0.10-win32-x86_64\bin\instrument.dll
Event: 0.175 Loaded shared library C:\Users\danie\.vscode\extensions\redhat.java-1.54.0-win32-x64\jre\21.0.10-win32-x86_64\bin\net.dll
Event: 0.181 Loaded shared library C:\Users\danie\.vscode\extensions\redhat.java-1.54.0-win32-x64\jre\21.0.10-win32-x86_64\bin\nio.dll
Event: 0.188 Loaded shared library C:\Users\danie\.vscode\extensions\redhat.java-1.54.0-win32-x64\jre\21.0.10-win32-x86_64\bin\zip.dll
Event: 0.215 Loaded shared library C:\Users\danie\.vscode\extensions\redhat.java-1.54.0-win32-x64\jre\21.0.10-win32-x86_64\bin\jimage.dll
Event: 0.348 Loaded shared library c:\Users\danie\.vscode\extensions\redhat.java-1.54.0-win32-x64\jre\21.0.10-win32-x86_64\bin\verify.dll
Event: 2.312 Loaded shared library C:\Users\danie\AppData\Roaming\Code\User\globalStorage\redhat.java\1.54.0\config_win\org.eclipse.equinox.launcher\org.eclipse.equinox.launcher.win32.win32.x86_64_1.3.0.v20260203-2149\eclipse_11919.dll
Event: 6.616 Loaded shared library C:\Users\danie\AppData\Local\Temp\jna-95350893\jna7670856283423631723.dll

Deoptimization events (20 events):
Event: 205.771 Thread 0x0000024b02269900 Uncommon trap: trap_request=0xffffffd6 fr.pc=0x0000024b2c5139a4 relative=0x0000000000000ee4
Event: 205.771 Thread 0x0000024b02269900 Uncommon trap: reason=array_check action=maybe_recompile pc=0x0000024b2c5139a4 method=java.util.TimSort.binarySort([Ljava/lang/Object;IIILjava/util/Comparator;)V @ 215 c2
Event: 205.771 Thread 0x0000024b02269900 DEOPT PACKING pc=0x0000024b2c5139a4 sp=0x000000e699efc750
Event: 205.771 Thread 0x0000024b02269900 DEOPT UNPACKING pc=0x0000024b2b703aa2 sp=0x000000e699efc650 mode 2
Event: 205.771 Thread 0x0000024b02269900 Uncommon trap: trap_request=0xffffffd6 fr.pc=0x0000024b2c5139a4 relative=0x0000000000000ee4
Event: 205.771 Thread 0x0000024b02269900 Uncommon trap: reason=array_check action=maybe_recompile pc=0x0000024b2c5139a4 method=java.util.TimSort.binarySort([Ljava/lang/Object;IIILjava/util/Comparator;)V @ 215 c2
Event: 205.772 Thread 0x0000024b02269900 DEOPT PACKING pc=0x0000024b2c5139a4 sp=0x000000e699efccc0
Event: 205.772 Thread 0x0000024b02269900 DEOPT UNPACKING pc=0x0000024b2b703aa2 sp=0x000000e699efcbc0 mode 2
Event: 205.782 Thread 0x0000024b02269900 DEOPT PACKING pc=0x0000024b25551e6f sp=0x000000e699efc650
Event: 205.782 Thread 0x0000024b02269900 DEOPT UNPACKING pc=0x0000024b2b704242 sp=0x000000e699efbb60 mode 0
Event: 205.812 Thread 0x0000024b02269900 DEOPT PACKING pc=0x0000024b25551e6f sp=0x000000e699efc650
Event: 205.812 Thread 0x0000024b02269900 DEOPT UNPACKING pc=0x0000024b2b704242 sp=0x000000e699efbb60 mode 0
Event: 205.848 Thread 0x0000024b02269900 DEOPT PACKING pc=0x0000024b25656683 sp=0x000000e699efc3f0
Event: 205.848 Thread 0x0000024b02269900 DEOPT UNPACKING pc=0x0000024b2b704242 sp=0x000000e699efb8a0 mode 0
Event: 205.880 Thread 0x0000024b01c9af60 DEOPT PACKING pc=0x0000024b25a07dcf sp=0x000000e6996fd1f0
Event: 205.880 Thread 0x0000024b01c9af60 DEOPT UNPACKING pc=0x0000024b2b704242 sp=0x000000e6996fc6b0 mode 0
Event: 208.100 Thread 0x0000024b0226b340 Uncommon trap: trap_request=0xffffff76 fr.pc=0x0000024b2c54f440 relative=0x0000000000001280
Event: 208.100 Thread 0x0000024b0226b340 Uncommon trap: reason=predicate action=maybe_recompile pc=0x0000024b2c54f440 method=java.util.TimSort.reverseRange([Ljava/lang/Object;II)V @ 5 c2
Event: 208.101 Thread 0x0000024b0226b340 DEOPT PACKING pc=0x0000024b2c54f440 sp=0x000000e6980fdf20
Event: 208.101 Thread 0x0000024b0226b340 DEOPT UNPACKING pc=0x0000024b2b703aa2 sp=0x000000e6980fddd0 mode 2

Classes loaded (20 events):
Event: 191.599 Loading class java/util/ImmutableCollections$SubList
Event: 191.602 Loading class java/util/ImmutableCollections$SubList done
Event: 191.743 Loading class java/util/zip/CheckedInputStream
Event: 191.744 Loading class java/util/zip/CheckedInputStream done
Event: 192.585 Loading class jdk/internal/module/IllegalAccessLogger
Event: 192.585 Loading class jdk/internal/module/IllegalAccessLogger done
Event: 192.648 Loading class java/util/concurrent/ArrayBlockingQueue
Event: 192.649 Loading class java/util/concurrent/ArrayBlockingQueue done
Event: 193.072 Loading class sun/nio/ch/ChannelOutputStream
Event: 193.073 Loading class sun/nio/ch/ChannelOutputStream done
Event: 194.227 Loading class java/nio/BufferMismatch
Event: 194.228 Loading class java/nio/BufferMismatch done
Event: 194.229 Loading class java/nio/file/attribute/PosixFileAttributes
Event: 194.230 Loading class java/nio/file/attribute/PosixFileAttributes done
Event: 197.622 Loading class sun/nio/fs/WindowsFileCopy
Event: 197.623 Loading class sun/nio/fs/WindowsFileCopy done
Event: 197.829 Loading class jdk/internal/module/IllegalAccessLogger
Event: 197.829 Loading class jdk/internal/module/IllegalAccessLogger done
Event: 205.277 Loading class jdk/internal/module/IllegalAccessLogger
Event: 205.277 Loading class jdk/internal/module/IllegalAccessLogger done

Classes unloaded (7 events):
Event: 7.513 Thread 0x0000024b210218b0 Unloading class 0x0000024b391ac800 'java/lang/invoke/LambdaForm$MH+0x0000024b391ac800'
Event: 7.513 Thread 0x0000024b210218b0 Unloading class 0x0000024b391ac400 'java/lang/invoke/LambdaForm$MH+0x0000024b391ac400'
Event: 7.513 Thread 0x0000024b210218b0 Unloading class 0x0000024b391ac000 'java/lang/invoke/LambdaForm$MH+0x0000024b391ac000'
Event: 7.513 Thread 0x0000024b210218b0 Unloading class 0x0000024b391abc00 'java/lang/invoke/LambdaForm$MH+0x0000024b391abc00'
Event: 7.513 Thread 0x0000024b210218b0 Unloading class 0x0000024b391ab800 'java/lang/invoke/LambdaForm$BMH+0x0000024b391ab800'
Event: 7.513 Thread 0x0000024b210218b0 Unloading class 0x0000024b391ab400 'java/lang/invoke/LambdaForm$DMH+0x0000024b391ab400'
Event: 7.513 Thread 0x0000024b210218b0 Unloading class 0x0000024b391aa000 'java/lang/invoke/LambdaForm$DMH+0x0000024b391aa000'

Classes redefined (0 events):
No events

Internal exceptions (20 events):
Event: 41.233 Thread 0x0000024b01c9a8d0 Exception <a 'java/lang/IncompatibleClassChangeError'{0x00000000d57b2e58}: Found class java.lang.Object, but interface was expected> (0x00000000d57b2e58) 
thrown [s\src\hotspot\share\interpreter\linkResolver.cpp, line 840]
Event: 41.248 Thread 0x0000024b01c9b5f0 Exception <a 'java/lang/NoSuchMethodError'{0x00000000d5ca6e88}: 'java.lang.Object java.lang.invoke.DirectMethodHandle$Holder.invokeSpecial(java.lang.Object, java.lang.Object, java.lang.Object, java.lang.Object, int, java.lang.Object, java.lang.Object)'> (0x00000000d5ca6e88) 
thrown [s\src\hotspot\share\interpreter\linkResolver.cpp, line 773]
Event: 190.799 Thread 0x0000024b01c9d030 Implicit null exception at 0x0000024b2c2c96ed to 0x0000024b2c2c9e70
Event: 190.931 Thread 0x0000024b01c9c310 Exception <a 'sun/nio/fs/WindowsException'{0x00000000d60b2760}> (0x00000000d60b2760) 
thrown [s\src\hotspot\share\prims\jni.cpp, line 520]
Event: 190.932 Thread 0x0000024b01c9c310 Exception <a 'sun/nio/fs/WindowsException'{0x00000000d60b3060}> (0x00000000d60b3060) 
thrown [s\src\hotspot\share\prims\jni.cpp, line 520]
Event: 191.218 Thread 0x0000024b00ef4850 Implicit null exception at 0x0000024b2c2e53e2 to 0x0000024b2c2e5818
Event: 191.585 Thread 0x0000024b01c9d030 Implicit null exception at 0x0000024b2c2cac4a to 0x0000024b2c2caea4
Event: 193.408 Thread 0x0000024b00ef4ee0 Exception <a 'java/lang/NoSuchMethodError'{0x00000000d6106908}: 'java.lang.Object java.lang.invoke.DirectMethodHandle$Holder.newInvokeSpecial(java.lang.Object, java.lang.Object, int, java.lang.Object, java.lang.Object)'> (0x00000000d6106908) 
thrown [s\src\hotspot\share\interpreter\linkResolver.cpp, line 773]
Event: 193.435 Thread 0x0000024b00ef4ee0 Exception <a 'java/lang/NoSuchMethodError'{0x00000000d6120b90}: 'java.lang.Object java.lang.invoke.DirectMethodHandle$Holder.invokeSpecial(java.lang.Object, java.lang.Object, java.lang.Object, int, java.lang.Object, java.lang.Object, java.lang.Object)'> (0x00000000d6120b90) 
thrown [s\src\hotspot\share\interpreter\linkResolver.cpp, line 773]
Event: 193.520 Thread 0x0000024b00ef4ee0 Exception <a 'java/lang/NoSuchMethodError'{0x00000000d55a7318}: 'void java.lang.invoke.DirectMethodHandle$Holder.invokeStatic(java.lang.Object, int)'> (0x00000000d55a7318) 
thrown [s\src\hotspot\share\interpreter\linkResolver.cpp, line 773]
Event: 193.768 Thread 0x0000024b00ef4ee0 Exception <a 'java/io/FileNotFoundException'{0x00000000d5c68630}> (0x00000000d5c68630) 
thrown [s\src\hotspot\share\prims\jni.cpp, line 520]
Event: 193.770 Thread 0x0000024b00ef4ee0 Exception <a 'java/io/FileNotFoundException'{0x00000000d5c69bd0}> (0x00000000d5c69bd0) 
thrown [s\src\hotspot\share\prims\jni.cpp, line 520]
Event: 193.771 Thread 0x0000024b00ef4ee0 Exception <a 'java/io/FileNotFoundException'{0x00000000d5c6ac00}> (0x00000000d5c6ac00) 
thrown [s\src\hotspot\share\prims\jni.cpp, line 520]
Event: 193.847 Thread 0x0000024b00ef4ee0 Implicit null exception at 0x0000024b2c17ee15 to 0x0000024b2c17f404
Event: 193.953 Thread 0x0000024b00ef4ee0 Implicit null exception at 0x0000024b2bfc401f to 0x0000024b2bfc5024
Event: 197.624 Thread 0x0000024b00ef4850 Exception <a 'sun/nio/fs/WindowsException'{0x00000000d5a40b40}> (0x00000000d5a40b40) 
thrown [s\src\hotspot\share\prims\jni.cpp, line 520]
Event: 198.197 Thread 0x0000024b00ef4850 Exception <a 'sun/nio/fs/WindowsException'{0x00000000d5710a60}> (0x00000000d5710a60) 
thrown [s\src\hotspot\share\prims\jni.cpp, line 520]
Event: 198.239 Thread 0x0000024b00ef4850 Implicit null exception at 0x0000024b2c47dfcb to 0x0000024b2c47e720
Event: 205.003 Thread 0x0000024b00ef4850 Exception <a 'sun/nio/fs/WindowsException'{0x00000000d5c5e4a0}> (0x00000000d5c5e4a0) 
thrown [s\src\hotspot\share\prims\jni.cpp, line 520]
Event: 205.661 Thread 0x0000024b00ef4850 Exception <a 'sun/nio/fs/WindowsException'{0x00000000d55a5ff0}> (0x00000000d55a5ff0) 
thrown [s\src\hotspot\share\prims\jni.cpp, line 520]

ZGC Phase Switch (0 events):
No events

VM Operations (20 events):
Event: 205.786 Executing safepoint VM operation: ParallelGCFailedAllocation (Allocation Failure)
Event: 205.789 Executing safepoint VM operation: ParallelGCFailedAllocation (Allocation Failure) done
Event: 205.828 Executing safepoint VM operation: ParallelGCFailedAllocation (Allocation Failure)
Event: 205.831 Executing safepoint VM operation: ParallelGCFailedAllocation (Allocation Failure) done
Event: 206.846 Executing safepoint VM operation: Cleanup
Event: 206.846 Executing safepoint VM operation: Cleanup done
Event: 207.903 Executing safepoint VM operation: ParallelGCFailedAllocation (Allocation Failure)
Event: 207.908 Executing safepoint VM operation: ParallelGCFailedAllocation (Allocation Failure) done
Event: 207.955 Executing safepoint VM operation: ParallelGCFailedAllocation (Allocation Failure)
Event: 207.960 Executing safepoint VM operation: ParallelGCFailedAllocation (Allocation Failure) done
Event: 208.004 Executing safepoint VM operation: ParallelGCFailedAllocation (Allocation Failure)
Event: 208.008 Executing safepoint VM operation: ParallelGCFailedAllocation (Allocation Failure) done
Event: 208.072 Executing safepoint VM operation: ParallelGCFailedAllocation (Allocation Failure)
Event: 208.079 Executing safepoint VM operation: ParallelGCFailedAllocation (Allocation Failure) done
Event: 208.119 Executing safepoint VM operation: ParallelGCFailedAllocation (Allocation Failure)
Event: 208.123 Executing safepoint VM operation: ParallelGCFailedAllocation (Allocation Failure) done
Event: 208.153 Executing safepoint VM operation: ParallelGCFailedAllocation (Allocation Failure)
Event: 208.155 Executing safepoint VM operation: ParallelGCFailedAllocation (Allocation Failure) done
Event: 209.168 Executing safepoint VM operation: Cleanup
Event: 209.169 Executing safepoint VM operation: Cleanup done

Memory protections (0 events):
No events

Nmethod flushes (20 events):
Event: 23.574 Thread 0x0000024b210218b0 flushing  nmethod 0x0000024b2496f990
Event: 23.574 Thread 0x0000024b210218b0 flushing  nmethod 0x0000024b24990210
Event: 23.574 Thread 0x0000024b210218b0 flushing osr nmethod 0x0000024b2499a910
Event: 23.574 Thread 0x0000024b210218b0 flushing osr nmethod 0x0000024b2499c610
Event: 23.574 Thread 0x0000024b210218b0 flushing osr nmethod 0x0000024b249f2490
Event: 23.574 Thread 0x0000024b210218b0 flushing  nmethod 0x0000024b24a00690
Event: 23.574 Thread 0x0000024b210218b0 flushing  nmethod 0x0000024b24a12990
Event: 23.574 Thread 0x0000024b210218b0 flushing  nmethod 0x0000024b24a1b290
Event: 23.574 Thread 0x0000024b210218b0 flushing  nmethod 0x0000024b24a33390
Event: 23.574 Thread 0x0000024b210218b0 flushing  nmethod 0x0000024b24a33710
Event: 23.574 Thread 0x0000024b210218b0 flushing  nmethod 0x0000024b24a35510
Event: 23.574 Thread 0x0000024b210218b0 flushing  nmethod 0x0000024b24a35890
Event: 23.574 Thread 0x0000024b210218b0 flushing  nmethod 0x0000024b24a38d90
Event: 23.574 Thread 0x0000024b210218b0 flushing  nmethod 0x0000024b24a40e10
Event: 23.574 Thread 0x0000024b210218b0 flushing  nmethod 0x0000024b24a67110
Event: 23.574 Thread 0x0000024b210218b0 flushing  nmethod 0x0000024b24a67710
Event: 23.574 Thread 0x0000024b210218b0 flushing  nmethod 0x0000024b24a67e10
Event: 23.574 Thread 0x0000024b210218b0 flushing  nmethod 0x0000024b24a68c90
Event: 23.574 Thread 0x0000024b210218b0 flushing  nmethod 0x0000024b24a69a10
Event: 23.574 Thread 0x0000024b210218b0 flushing  nmethod 0x0000024b24a6a510

Events (20 events):
Event: 193.860 Thread 0x0000024b00ef4ee0 Thread added: 0x0000024b0226cd80
Event: 193.860 Thread 0x0000024b00ef4ee0 Thread added: 0x0000024b0226d410
Event: 193.918 Thread 0x0000024b0226d410 Thread exited: 0x0000024b0226d410
Event: 193.919 Thread 0x0000024b0226c6f0 Thread exited: 0x0000024b0226c6f0
Event: 193.919 Thread 0x0000024b0226cd80 Thread exited: 0x0000024b0226cd80
Event: 193.919 Thread 0x0000024b0226c060 Thread exited: 0x0000024b0226c060
Event: 193.919 Thread 0x0000024b0226b9d0 Thread exited: 0x0000024b0226b9d0
Event: 197.432 Thread 0x0000024b0f7e2d90 Thread exited: 0x0000024b0f7e2d90
Event: 197.682 Thread 0x0000024b79df3400 Thread added: 0x0000024b79df3ad0
Event: 197.705 Thread 0x0000024b0226a620 Thread added: 0x0000024b0226cd80
Event: 199.284 Thread 0x0000024b79df3ad0 Thread exited: 0x0000024b79df3ad0
Event: 200.307 Thread 0x0000024b79df3400 Thread added: 0x0000024b0d5c70b0
Event: 200.932 Thread 0x0000024b0d5c70b0 Thread exited: 0x0000024b0d5c70b0
Event: 204.959 Thread 0x0000024b79df3400 Thread added: 0x0000024b03d206a0
Event: 205.134 Thread 0x0000024b0226b340 Thread added: 0x0000024b0226c060
Event: 206.722 Thread 0x0000024b03d206a0 Thread exited: 0x0000024b03d206a0
Event: 207.913 Thread 0x0000024b79df3400 Thread added: 0x0000024b7f742940
Event: 207.944 Thread 0x0000024b79df3400 Thread added: 0x0000024b7f745220
Event: 208.490 Thread 0x0000024b7f745220 Thread exited: 0x0000024b7f745220
Event: 208.490 Thread 0x0000024b7f742940 Thread exited: 0x0000024b7f742940


Dynamic libraries:
0x00007ff7689d0000 - 0x00007ff7689de000 	c:\Users\danie\.vscode\extensions\redhat.java-1.54.0-win32-x64\jre\21.0.10-win32-x86_64\bin\java.exe
0x00007ffcb0320000 - 0x00007ffcb0587000 	C:\WINDOWS\SYSTEM32\ntdll.dll
0x00007ffcaf080000 - 0x00007ffcaf149000 	C:\WINDOWS\System32\KERNEL32.DLL
0x00007ffcadca0000 - 0x00007ffcae097000 	C:\WINDOWS\System32\KERNELBASE.dll
0x00007ffcad0a0000 - 0x00007ffcad1eb000 	C:\WINDOWS\System32\ucrtbase.dll
0x00007ffc9fbb0000 - 0x00007ffc9fbce000 	c:\Users\danie\.vscode\extensions\redhat.java-1.54.0-win32-x64\jre\21.0.10-win32-x86_64\bin\VCRUNTIME140.dll
0x00007ffc991b0000 - 0x00007ffc991c8000 	c:\Users\danie\.vscode\extensions\redhat.java-1.54.0-win32-x64\jre\21.0.10-win32-x86_64\bin\jli.dll
0x00007ffcae2f0000 - 0x00007ffcae4b6000 	C:\WINDOWS\System32\USER32.dll
0x00007ffcad1f0000 - 0x00007ffcad217000 	C:\WINDOWS\System32\win32u.dll
0x00007ffc95ed0000 - 0x00007ffc96162000 	C:\WINDOWS\WinSxS\amd64_microsoft.windows.common-controls_6595b64144ccf1df_6.0.26100.8457_none_3e0b2faee331e92d\COMCTL32.dll
0x00007ffcaf4a0000 - 0x00007ffcaf549000 	C:\WINDOWS\System32\msvcrt.dll
0x00007ffcb02b0000 - 0x00007ffcb02db000 	C:\WINDOWS\System32\GDI32.dll
0x00007ffcacec0000 - 0x00007ffcacfec000 	C:\WINDOWS\System32\gdi32full.dll
0x00007ffcacff0000 - 0x00007ffcad093000 	C:\WINDOWS\System32\msvcp_win.dll
0x00007ffcaf3d0000 - 0x00007ffcaf402000 	C:\WINDOWS\System32\IMM32.DLL
0x00007ffca13b0000 - 0x00007ffca13bc000 	c:\Users\danie\.vscode\extensions\redhat.java-1.54.0-win32-x64\jre\21.0.10-win32-x86_64\bin\vcruntime140_1.dll
0x00007ffc68da0000 - 0x00007ffc68e2d000 	c:\Users\danie\.vscode\extensions\redhat.java-1.54.0-win32-x64\jre\21.0.10-win32-x86_64\bin\msvcp140.dll
0x00007ffb89560000 - 0x00007ffb8a301000 	c:\Users\danie\.vscode\extensions\redhat.java-1.54.0-win32-x64\jre\21.0.10-win32-x86_64\bin\server\jvm.dll
0x00007ffcb01d0000 - 0x00007ffcb0286000 	C:\WINDOWS\System32\ADVAPI32.dll
0x00007ffcb0120000 - 0x00007ffcb01c7000 	C:\WINDOWS\System32\sechost.dll
0x00007ffcaf230000 - 0x00007ffcaf348000 	C:\WINDOWS\System32\RPCRT4.dll
0x00007ffcae560000 - 0x00007ffcae5e0000 	C:\WINDOWS\System32\WS2_32.dll
0x00007ffca6490000 - 0x00007ffca64c6000 	C:\WINDOWS\SYSTEM32\WINMM.dll
0x00007ffca64d0000 - 0x00007ffca64db000 	C:\WINDOWS\SYSTEM32\VERSION.dll
0x00007ffcacbb0000 - 0x00007ffcacc0e000 	C:\WINDOWS\SYSTEM32\POWRPROF.dll
0x00007ffcacb90000 - 0x00007ffcacba4000 	C:\WINDOWS\SYSTEM32\UMPDC.dll
0x00007ffcabae0000 - 0x00007ffcabafb000 	C:\WINDOWS\SYSTEM32\kernel.appcore.dll
0x00007ffc936e0000 - 0x00007ffc936ea000 	c:\Users\danie\.vscode\extensions\redhat.java-1.54.0-win32-x64\jre\21.0.10-win32-x86_64\bin\jimage.dll
0x00007ffca1570000 - 0x00007ffca17b2000 	C:\WINDOWS\SYSTEM32\DBGHELP.DLL
0x00007ffcaf610000 - 0x00007ffcaf993000 	C:\WINDOWS\System32\combase.dll
0x00007ffcaf150000 - 0x00007ffcaf229000 	C:\WINDOWS\System32\OLEAUT32.dll
0x00007ffc941b0000 - 0x00007ffc941eb000 	C:\WINDOWS\SYSTEM32\dbgcore.DLL
0x00007ffcacd50000 - 0x00007ffcacdf8000 	C:\WINDOWS\System32\bcryptPrimitives.dll
0x00007ffc93350000 - 0x00007ffc9335f000 	c:\Users\danie\.vscode\extensions\redhat.java-1.54.0-win32-x64\jre\21.0.10-win32-x86_64\bin\instrument.dll
0x00007ffc918c0000 - 0x00007ffc918e0000 	c:\Users\danie\.vscode\extensions\redhat.java-1.54.0-win32-x64\jre\21.0.10-win32-x86_64\bin\java.dll
0x00007ffcaf9a0000 - 0x00007ffcb010e000 	C:\WINDOWS\System32\SHELL32.dll
0x00007ffcad2b0000 - 0x00007ffcadb1c000 	C:\WINDOWS\System32\windows.storage.dll
0x00007ffcaef80000 - 0x00007ffcaf076000 	C:\WINDOWS\System32\SHCORE.dll
0x00007ffcae0a0000 - 0x00007ffcae106000 	C:\WINDOWS\System32\shlwapi.dll
0x00007ffcacc70000 - 0x00007ffcacc99000 	C:\WINDOWS\SYSTEM32\profapi.dll
0x00007ffc8c580000 - 0x00007ffc8c598000 	c:\Users\danie\.vscode\extensions\redhat.java-1.54.0-win32-x64\jre\21.0.10-win32-x86_64\bin\zip.dll
0x00007ffc932c0000 - 0x00007ffc932d0000 	C:\Users\danie\.vscode\extensions\redhat.java-1.54.0-win32-x64\jre\21.0.10-win32-x86_64\bin\net.dll
0x00007ffca6a80000 - 0x00007ffca6ba9000 	C:\WINDOWS\SYSTEM32\WINHTTP.dll
0x00007ffcac050000 - 0x00007ffcac0bc000 	C:\WINDOWS\system32\mswsock.dll
0x00007ffc914b0000 - 0x00007ffc914c6000 	C:\Users\danie\.vscode\extensions\redhat.java-1.54.0-win32-x64\jre\21.0.10-win32-x86_64\bin\nio.dll
0x00007ffc917e0000 - 0x00007ffc917f0000 	c:\Users\danie\.vscode\extensions\redhat.java-1.54.0-win32-x64\jre\21.0.10-win32-x86_64\bin\verify.dll
0x00007ffc70aa0000 - 0x00007ffc70ae5000 	C:\Users\danie\AppData\Roaming\Code\User\globalStorage\redhat.java\1.54.0\config_win\org.eclipse.equinox.launcher\org.eclipse.equinox.launcher.win32.win32.x86_64_1.3.0.v20260203-2149\eclipse_11919.dll
0x00007ffcaea90000 - 0x00007ffcaec27000 	C:\WINDOWS\System32\ole32.dll
0x00007ffcac330000 - 0x00007ffcac34b000 	C:\WINDOWS\SYSTEM32\CRYPTSP.dll
0x00007ffcaba40000 - 0x00007ffcaba79000 	C:\WINDOWS\system32\rsaenh.dll
0x00007ffcac100000 - 0x00007ffcac133000 	C:\WINDOWS\SYSTEM32\USERENV.dll
0x00007ffcacc40000 - 0x00007ffcacc6a000 	C:\WINDOWS\SYSTEM32\bcrypt.dll
0x00007ffcac350000 - 0x00007ffcac35c000 	C:\WINDOWS\SYSTEM32\CRYPTBASE.dll
0x00007ffcab520000 - 0x00007ffcab552000 	C:\WINDOWS\SYSTEM32\IPHLPAPI.DLL
0x00007ffcaea80000 - 0x00007ffcaea8a000 	C:\WINDOWS\System32\NSI.dll
0x00007ffc62520000 - 0x00007ffc62569000 	C:\Users\danie\AppData\Local\Temp\jna-95350893\jna7670856283423631723.dll
0x00007ffcaef60000 - 0x00007ffcaef68000 	C:\WINDOWS\System32\PSAPI.DLL
0x00007ffca7340000 - 0x00007ffca735d000 	C:\WINDOWS\SYSTEM32\dhcpcsvc6.DLL
0x00007ffca6e50000 - 0x00007ffca6e75000 	C:\WINDOWS\SYSTEM32\dhcpcsvc.DLL

JVMTI agents:
c:\Users\danie\.vscode\extensions\redhat.java-1.54.0-win32-x64\lombok\lombok-1.18.39-4050.jar path:c:\Users\danie\.vscode\extensions\redhat.java-1.54.0-win32-x64\jre\21.0.10-win32-x86_64\bin\instrument.dll, loaded, initialized, instrumentlib options:none

dbghelp: loaded successfully - version: 4.0.5 - missing functions: none
symbol engine: initialized successfully - sym options: 0x614 - pdb path: .;c:\Users\danie\.vscode\extensions\redhat.java-1.54.0-win32-x64\jre\21.0.10-win32-x86_64\bin;C:\WINDOWS\SYSTEM32;C:\WINDOWS\WinSxS\amd64_microsoft.windows.common-controls_6595b64144ccf1df_6.0.26100.8457_none_3e0b2faee331e92d;c:\Users\danie\.vscode\extensions\redhat.java-1.54.0-win32-x64\jre\21.0.10-win32-x86_64\bin\server;C:\Users\danie\AppData\Roaming\Code\User\globalStorage\redhat.java\1.54.0\config_win\org.eclipse.equinox.launcher\org.eclipse.equinox.launcher.win32.win32.x86_64_1.3.0.v20260203-2149;C:\Users\danie\AppData\Local\Temp\jna-95350893

VM Arguments:
jvm_args: --add-modules=ALL-SYSTEM --add-opens=java.base/java.util=ALL-UNNAMED --add-opens=java.base/java.lang=ALL-UNNAMED --add-opens=java.base/sun.nio.fs=ALL-UNNAMED -Declipse.application=org.eclipse.jdt.ls.core.id1 -Dosgi.bundles.defaultStartLevel=4 -Declipse.product=org.eclipse.jdt.ls.core.product -Djava.import.generatesMetadataFilesAtProjectRoot=false -DDetectVMInstallationsJob.disabled=true -Dfile.encoding=utf8 -XX:+UseParallelGC -XX:GCTimeRatio=4 -XX:AdaptiveSizePolicyWeight=90 -Dsun.zip.disableMemoryMapping=true -Xmx2G -Xms100m -Xlog:disable -javaagent:c:\Users\danie\.vscode\extensions\redhat.java-1.54.0-win32-x64\lombok\lombok-1.18.39-4050.jar -XX:+HeapDumpOnOutOfMemoryError -XX:HeapDumpPath=c:\Users\danie\AppData\Roaming\Code\User\workspaceStorage\75a98edeed0d584bf712e1d1420da7da\redhat.java -Daether.dependencyCollector.impl=bf 
java_command: c:\Users\danie\.vscode\extensions\redhat.java-1.54.0-win32-x64\server\plugins\org.eclipse.equinox.launcher_1.7.100.v20251111-0406.jar -configuration c:\Users\danie\AppData\Roaming\Code\User\globalStorage\redhat.java\1.54.0\config_win -data c:\Users\danie\AppData\Roaming\Code\User\workspaceStorage\75a98edeed0d584bf712e1d1420da7da\redhat.java\jdt_ws --pipe=\\.\pipe\lsp-06c6a334daae1e60ee908f3af042d68b-sock
java_class_path (initial): c:\Users\danie\.vscode\extensions\redhat.java-1.54.0-win32-x64\server\plugins\org.eclipse.equinox.launcher_1.7.100.v20251111-0406.jar
Launcher Type: SUN_STANDARD

[Global flags]
    uintx AdaptiveSizePolicyWeight                 = 90                                        {product} {command line}
     intx CICompilerCount                          = 4                                         {product} {ergonomic}
    uintx GCTimeRatio                              = 4                                         {product} {command line}
     bool HeapDumpOnOutOfMemoryError               = true                                   {manageable} {command line}
    ccstr HeapDumpPath                             = c:\Users\danie\AppData\Roaming\Code\User\workspaceStorage\75a98edeed0d584bf712e1d1420da7da\redhat.java         {manageable} {command line}
   size_t InitialHeapSize                          = 104857600                                 {product} {command line}
   size_t MaxHeapSize                              = 2147483648                                {product} {command line}
   size_t MaxNewSize                               = 715653120                                 {product} {ergonomic}
   size_t MinHeapDeltaBytes                        = 524288                                    {product} {ergonomic}
   size_t MinHeapSize                              = 104857600                                 {product} {command line}
   size_t NewSize                                  = 34603008                                  {product} {ergonomic}
    uintx NonNMethodCodeHeapSize                   = 5839372                                {pd product} {ergonomic}
    uintx NonProfiledCodeHeapSize                  = 122909434                              {pd product} {ergonomic}
   size_t OldSize                                  = 70254592                                  {product} {ergonomic}
    uintx ProfiledCodeHeapSize                     = 122909434                              {pd product} {ergonomic}
    uintx ReservedCodeCacheSize                    = 251658240                              {pd product} {ergonomic}
     bool SegmentedCodeCache                       = true                                      {product} {ergonomic}
   size_t SoftMaxHeapSize                          = 2147483648                             {manageable} {ergonomic}
     bool UseCompressedOops                        = true                           {product lp64_product} {ergonomic}
     bool UseLargePagesIndividualAllocation        = false                                  {pd product} {ergonomic}
     bool UseParallelGC                            = true                                      {product} {command line}

Logging:
Log output configuration:
 #0: stdout all=off uptime,level,tags foldmultilines=false
 #1: stderr all=off uptime,level,tags foldmultilines=false

Release file:
JAVA_VERSION="21.0.10" 
MODULES="java.base java.compiler java.datatransfer java.xml java.prefs java.desktop java.instrument java.logging java.management java.security.sasl java.naming java.rmi java.management.rmi java.net.http java.scripting java.security.jgss java.transaction.xa java.sql java.sql.rowset java.xml.crypto java.se java.smartcardio jdk.accessibility jdk.internal.jvmstat jdk.attach jdk.charsets jdk.internal.opt jdk.zipfs jdk.compiler jdk.crypto.ec jdk.crypto.cryptoki jdk.crypto.mscapi jdk.dynalink jdk.internal.ed jdk.editpad jdk.hotspot.agent jdk.httpserver jdk.internal.le jdk.internal.vm.ci jdk.internal.vm.compiler jdk.internal.vm.compiler.management jdk.jartool jdk.javadoc jdk.jcmd jdk.management jdk.management.agent jdk.jconsole jdk.jdeps jdk.jdwp.agent jdk.jdi jdk.jfr jdk.jshell jdk.jsobject jdk.jstatd jdk.localedata jdk.management.jfr jdk.naming.dns jdk.naming.rmi jdk.net jdk.nio.mapmode jdk.random jdk.sctp jdk.security.auth jdk.security.jgss jdk.unsupported jdk.unsupported.desktop jdk.xml.dom" 

Environment Variables:
PATH=C:\Program Files\Common Files\Oracle\Java\javapath;C:\WINDOWS\system32;C:\WINDOWS;C:\WINDOWS\System32\Wbem;C:\WINDOWS\System32\WindowsPowerShell\v1.0\;C:\WINDOWS\System32\OpenSSH\;C:\Program Files (x86)\PuTTY\;C:\Program Files\nodejs\;C:\ProgramData\chocolatey\bin;C:\Users\danie\AppData\Local\Programs\Python\Python313\;C:\Program Files\Git\cmd;C:\Program Files\dotnet\;C:\Program Files\MySQL\MySQL Shell 8.0\bin\;C:\Users\danie\AppData\Local\Programs\Python\Launcher\;C:\Users\danie\AppData\Local\Microsoft\WindowsApps;C:\Users\danie\AppData\Roaming\npm;C:\Users\danie\AppData\Local\Programs\Microsoft VS Code\bin;C:\Program Files (x86)\Nmap;C:\omaresgay\flutter\bin;C:\Users\danie\.dotnet\tools;C:\Users\danie\AppData\Local\Programs\IntelliJ IDEA 2026.1.1\bin
USERNAME=danie
OS=Windows_NT
PROCESSOR_IDENTIFIER=AMD64 Family 23 Model 104 Stepping 1, AuthenticAMD
TMP=C:\Users\danie\AppData\Local\Temp
TEMP=C:\Users\danie\AppData\Local\Temp




Periodic native trim disabled

---------------  S Y S T E M  ---------------

OS:
 Windows 11 , 64 bit Build 26100 (10.0.26100.8328)
OS uptime: 10 days 5:17 hours
Hyper-V role detected

CPU: total 12 (initial active 12) (12 cores per cpu, 2 threads per core) family 23 model 104 stepping 1 microcode 0x8608107, cx8, cmov, fxsr, ht, mmx, 3dnowpref, sse, sse2, sse3, ssse3, sse4a, sse4.1, sse4.2, popcnt, lzcnt, tsc, tscinvbit, avx, avx2, aes, clmul, bmi1, bmi2, adx, sha, fma, vzeroupper, clflush, clflushopt, hv, rdtscp, rdpid, f16c
Processor Information for processor 0
  Max Mhz: 2100, Current Mhz: 2100, Mhz Limit: 2100
Processor Information for processor 1
  Max Mhz: 2100, Current Mhz: 1813, Mhz Limit: 2100
Processor Information for processor 2
  Max Mhz: 2100, Current Mhz: 2100, Mhz Limit: 2100
Processor Information for processor 3
  Max Mhz: 2100, Current Mhz: 2100, Mhz Limit: 2100
Processor Information for processor 4
  Max Mhz: 2100, Current Mhz: 2100, Mhz Limit: 2100
Processor Information for processor 5
  Max Mhz: 2100, Current Mhz: 2100, Mhz Limit: 2100
Processor Information for processor 6
  Max Mhz: 2100, Current Mhz: 2100, Mhz Limit: 2100
Processor Information for processor 7
  Max Mhz: 2100, Current Mhz: 1813, Mhz Limit: 2100
Processor Information for processor 8
  Max Mhz: 2100, Current Mhz: 2100, Mhz Limit: 2100
Processor Information for processor 9
  Max Mhz: 2100, Current Mhz: 1813, Mhz Limit: 2100
Processor Information for processor 10
  Max Mhz: 2100, Current Mhz: 1813, Mhz Limit: 2100
Processor Information for processor 11
  Max Mhz: 2100, Current Mhz: 1813, Mhz Limit: 2100

Memory: 4k page, system-wide physical 7501M (379M free)
TotalPageFile size 30029M (AvailPageFile size 0M)
current process WorkingSet (physical memory assigned to process): 376M, peak: 449M
current process commit charge ("private bytes"): 627M, peak: 642M

vm_info: OpenJDK 64-Bit Server VM (21.0.10+7-LTS) for windows-amd64 JRE (21.0.10+7-LTS), built on 2026-01-20T00:00:00Z by "admin" with MS VC++ 17.12 (VS2022)

END.
